<?xml version="1.0" encoding="UTF-8"?>
<!-- Generated by org.testng.reporters.JUnitReportReporter -->
<testsuite name="com.qmetry.qaf.automation.step.client.Scenario" tests="1" time="130.203" ignored="0" failures="0" timestamp="24 Nov 2018 14:02:42 GMT" skipped="0" hostname="DESKTOP-9GHEFCC" errors="1">
  <testcase name="Search for Recipe" time="130.203" classname="com.qmetry.qaf.automation.step.client.Scenario">
    <error/>
  </testcase> <!-- Search for Recipe -->
</testsuite> <!-- com.qmetry.qaf.automation.step.client.Scenario -->
